<?xml version="1.0" encoding="UTF-8"?>
<testng-results total="1" passed="1" failed="0" skipped="0">
  <reporter-output>
  </reporter-output>
  <suite started-at="2021-05-02T17:36:57Z" name="Default suite" finished-at="2021-05-02T17:37:12Z" duration-ms="14182">
    <groups>
    </groups>
    <test started-at="2021-05-02T17:36:57Z" name="Default test" finished-at="2021-05-02T17:37:12Z" duration-ms="14182">
      <class name="tests.EmployeeListTest">
        <test-method is-config="true" signature="beforeClass()[pri:0, instance:tests.EmployeeListTest@4efac082]" started-at="2021-05-02T11:36:57Z" name="beforeClass" finished-at="2021-05-02T11:37:04Z" duration-ms="6438" status="PASS">
          <reporter-output>
          </reporter-output>
        </test-method> <!-- beforeClass -->
        <test-method signature="searchEmployee()[pri:0, instance:tests.EmployeeListTest@4efac082]" started-at="2021-05-02T11:37:04Z" name="searchEmployee" finished-at="2021-05-02T11:37:11Z" duration-ms="7028" status="PASS">
          <reporter-output>
          </reporter-output>
        </test-method> <!-- searchEmployee -->
        <test-method is-config="true" signature="afterClass()[pri:0, instance:tests.EmployeeListTest@4efac082]" started-at="2021-05-02T11:37:11Z" name="afterClass" finished-at="2021-05-02T11:37:12Z" duration-ms="697" status="PASS">
          <reporter-output>
          </reporter-output>
        </test-method> <!-- afterClass -->
      </class> <!-- tests.EmployeeListTest -->
    </test> <!-- Default test -->
  </suite> <!-- Default suite -->
</testng-results>
